e:\learn\c++\raylibproject\raylibproject\x64\debug\vc143.pdb
e:\learn\c++\raylibproject\raylibproject\x64\debug\vc143.idb
e:\learn\c++\raylibproject\raylibproject\x64\debug\uimanager.obj
e:\learn\c++\raylibproject\raylibproject\x64\debug\main.obj
e:\learn\c++\raylibproject\raylibproject\x64\debug\grid.obj
e:\learn\c++\raylibproject\raylibproject\x64\debug\block.obj
e:\learn\c++\raylibproject\raylibproject\x64\debug\position.obj
e:\learn\c++\raylibproject\raylibproject\x64\debug\colors.obj
e:\learn\c++\raylibproject\raylibproject\x64\debug\blocks.obj
e:\learn\c++\raylibproject\raylibproject\x64\debug\gamemanager.obj
e:\learn\c++\raylibproject\x64\debug\raylibproject.exe
e:\learn\c++\raylibproject\x64\debug\raylibproject.pdb
e:\learn\c++\raylibproject\raylibproject\x64\debug\raylibproject.ilk
e:\learn\c++\raylibproject\raylibproject\x64\debug\raylibproject.tlog\cl.command.1.tlog
e:\learn\c++\raylibproject\raylibproject\x64\debug\raylibproject.tlog\cl.items.tlog
e:\learn\c++\raylibproject\raylibproject\x64\debug\raylibproject.tlog\cl.read.1.tlog
e:\learn\c++\raylibproject\raylibproject\x64\debug\raylibproject.tlog\cl.write.1.tlog
e:\learn\c++\raylibproject\raylibproject\x64\debug\raylibproject.tlog\link.command.1.tlog
e:\learn\c++\raylibproject\raylibproject\x64\debug\raylibproject.tlog\link.read.1.tlog
e:\learn\c++\raylibproject\raylibproject\x64\debug\raylibproject.tlog\link.secondary.1.tlog
e:\learn\c++\raylibproject\raylibproject\x64\debug\raylibproject.tlog\link.write.1.tlog
